web/android/app/build/intermediates/manifest_merge_blame_file/release/processReleaseMainManifest/manifest-merger-blame-release-report.txt
1<?xml version="1.0" encoding="utf-8"?>
2<manifest xmlns:android="http://schemas.android.com/apk/res/android"
3    package="com.socialflow.app"
4    android:versionCode="1"
5    android:versionName="1.0" >
6
7    <uses-sdk
8        android:minSdkVersion="24"
9        android:targetSdkVersion="36" />
10
11    <!-- Permissions -->
12    <uses-permission android:name="android.permission.INTERNET" />
12-->src\main\AndroidManifest.xml:63:5-67
12-->src\main\AndroidManifest.xml:63:22-64
13    <uses-permission android:name="android.permission.ACCESS_NETWORK_STATE" />
13-->src\main\AndroidManifest.xml:64:5-79
13-->src\main\AndroidManifest.xml:64:22-76
14    <uses-permission android:name="android.permission.WAKE_LOCK" />
14-->src\main\AndroidManifest.xml:65:5-68
14-->src\main\AndroidManifest.xml:65:22-65
15    <uses-permission android:name="android.permission.MODIFY_AUDIO_SETTINGS" />
15-->src\main\AndroidManifest.xml:66:5-80
15-->src\main\AndroidManifest.xml:66:22-77
16    <uses-permission android:name="android.permission.FOREGROUND_SERVICE" />
16-->src\main\AndroidManifest.xml:67:5-77
16-->src\main\AndroidManifest.xml:67:22-74
17    <uses-permission android:name="android.permission.FOREGROUND_SERVICE_MEDIA_PLAYBACK" />
17-->src\main\AndroidManifest.xml:68:5-92
17-->src\main\AndroidManifest.xml:68:22-89
18    <uses-permission android:name="android.permission.POST_NOTIFICATIONS" />
18-->src\main\AndroidManifest.xml:69:5-77
18-->src\main\AndroidManifest.xml:69:22-74
19
20    <permission
20-->[androidx.core:core:1.17.0] AndroidManifest.xml:22:5-24:47
21        android:name="com.socialflow.app.DYNAMIC_RECEIVER_NOT_EXPORTED_PERMISSION"
21-->[androidx.core:core:1.17.0] AndroidManifest.xml:23:9-81
22        android:protectionLevel="signature" />
22-->[androidx.core:core:1.17.0] AndroidManifest.xml:24:9-44
23
24    <uses-permission android:name="com.socialflow.app.DYNAMIC_RECEIVER_NOT_EXPORTED_PERMISSION" />
24-->[androidx.core:core:1.17.0] AndroidManifest.xml:26:5-97
24-->[androidx.core:core:1.17.0] AndroidManifest.xml:26:22-94
25
26    <application
26-->src\main\AndroidManifest.xml:4:5-60:19
27        android:allowBackup="true"
27-->src\main\AndroidManifest.xml:5:9-35
28        android:appComponentFactory="androidx.core.app.CoreComponentFactory"
28-->[androidx.core:core:1.17.0] AndroidManifest.xml:28:18-86
29        android:extractNativeLibs="false"
30        android:icon="@mipmap/ic_launcher"
30-->src\main\AndroidManifest.xml:6:9-43
31        android:label="@string/app_name"
31-->src\main\AndroidManifest.xml:7:9-41
32        android:roundIcon="@mipmap/ic_launcher_round"
32-->src\main\AndroidManifest.xml:8:9-54
33        android:supportsRtl="true"
33-->src\main\AndroidManifest.xml:9:9-35
34        android:theme="@style/AppTheme"
34-->src\main\AndroidManifest.xml:11:9-40
35        android:usesCleartextTraffic="true" >
35-->src\main\AndroidManifest.xml:10:9-44
36        <activity
36-->src\main\AndroidManifest.xml:13:9-40:20
37            android:name="com.socialflow.app.MainActivity"
37-->src\main\AndroidManifest.xml:15:13-41
38            android:configChanges="orientation|keyboardHidden|keyboard|screenSize|locale|smallestScreenSize|screenLayout|uiMode|navigation|density"
38-->src\main\AndroidManifest.xml:14:13-148
39            android:exported="true"
39-->src\main\AndroidManifest.xml:19:13-36
40            android:label="@string/title_activity_main"
40-->src\main\AndroidManifest.xml:16:13-56
41            android:launchMode="singleTask"
41-->src\main\AndroidManifest.xml:18:13-44
42            android:theme="@style/AppTheme.NoActionBarLaunch" >
42-->src\main\AndroidManifest.xml:17:13-62
43            <intent-filter>
43-->src\main\AndroidManifest.xml:21:13-24:29
44                <action android:name="android.intent.action.MAIN" />
44-->src\main\AndroidManifest.xml:22:17-69
44-->src\main\AndroidManifest.xml:22:25-66
45
46                <category android:name="android.intent.category.LAUNCHER" />
46-->src\main\AndroidManifest.xml:23:17-77
46-->src\main\AndroidManifest.xml:23:27-74
47            </intent-filter>
48
49            <!-- Deep Linking Scheme: flow://play/{trackId} e https://flow-music.web.app/s/* -->
50            <intent-filter android:autoVerify="true" >
50-->src\main\AndroidManifest.xml:27:13-32:29
50-->src\main\AndroidManifest.xml:27:28-53
51                <action android:name="android.intent.action.VIEW" />
51-->src\main\AndroidManifest.xml:28:17-69
51-->src\main\AndroidManifest.xml:28:25-66
52
53                <category android:name="android.intent.category.DEFAULT" />
53-->src\main\AndroidManifest.xml:29:17-76
53-->src\main\AndroidManifest.xml:29:27-73
54                <category android:name="android.intent.category.BROWSABLE" />
54-->src\main\AndroidManifest.xml:30:17-78
54-->src\main\AndroidManifest.xml:30:27-75
55
56                <data android:scheme="flow" />
56-->src\main\AndroidManifest.xml:31:17-47
56-->src\main\AndroidManifest.xml:31:23-44
57            </intent-filter>
58            <intent-filter android:autoVerify="true" >
58-->src\main\AndroidManifest.xml:33:13-38:29
58-->src\main\AndroidManifest.xml:33:28-53
59                <action android:name="android.intent.action.VIEW" />
59-->src\main\AndroidManifest.xml:28:17-69
59-->src\main\AndroidManifest.xml:28:25-66
60
61                <category android:name="android.intent.category.DEFAULT" />
61-->src\main\AndroidManifest.xml:29:17-76
61-->src\main\AndroidManifest.xml:29:27-73
62                <category android:name="android.intent.category.BROWSABLE" />
62-->src\main\AndroidManifest.xml:30:17-78
62-->src\main\AndroidManifest.xml:30:27-75
63
64                <data
64-->src\main\AndroidManifest.xml:31:17-47
65                    android:host="flow-music.web.app"
65-->src\main\AndroidManifest.xml:37:46-79
66                    android:pathPrefix="/s/"
66-->src\main\AndroidManifest.xml:37:80-104
67                    android:scheme="https" />
67-->src\main\AndroidManifest.xml:31:23-44
68            </intent-filter>
69        </activity>
70
71        <provider
72            android:name="androidx.core.content.FileProvider"
72-->src\main\AndroidManifest.xml:43:13-62
73            android:authorities="com.socialflow.app.fileprovider"
73-->src\main\AndroidManifest.xml:44:13-64
74            android:exported="false"
74-->src\main\AndroidManifest.xml:45:13-37
75            android:grantUriPermissions="true" >
75-->src\main\AndroidManifest.xml:46:13-47
76            <meta-data
76-->src\main\AndroidManifest.xml:47:13-49:64
77                android:name="android.support.FILE_PROVIDER_PATHS"
77-->src\main\AndroidManifest.xml:48:17-67
78                android:resource="@xml/file_paths" />
78-->src\main\AndroidManifest.xml:49:17-51
79        </provider>
80
81        <service
81-->src\main\AndroidManifest.xml:52:9-59:19
82            android:name="com.socialflow.app.PlaybackService"
82-->src\main\AndroidManifest.xml:53:13-44
83            android:exported="true"
83-->src\main\AndroidManifest.xml:55:13-36
84            android:foregroundServiceType="mediaPlayback" >
84-->src\main\AndroidManifest.xml:54:13-58
85            <intent-filter>
85-->src\main\AndroidManifest.xml:56:13-58:29
86                <action android:name="androidx.media3.session.MediaSessionService" />
86-->src\main\AndroidManifest.xml:57:17-86
86-->src\main\AndroidManifest.xml:57:25-83
87            </intent-filter>
88        </service>
89
90        <provider
90-->[androidx.emoji2:emoji2:1.3.0] AndroidManifest.xml:24:9-32:20
91            android:name="androidx.startup.InitializationProvider"
91-->[androidx.emoji2:emoji2:1.3.0] AndroidManifest.xml:25:13-67
92            android:authorities="com.socialflow.app.androidx-startup"
92-->[androidx.emoji2:emoji2:1.3.0] AndroidManifest.xml:26:13-68
93            android:exported="false" >
93-->[androidx.emoji2:emoji2:1.3.0] AndroidManifest.xml:27:13-37
94            <meta-data
94-->[androidx.emoji2:emoji2:1.3.0] AndroidManifest.xml:29:13-31:52
95                android:name="androidx.emoji2.text.EmojiCompatInitializer"
95-->[androidx.emoji2:emoji2:1.3.0] AndroidManifest.xml:30:17-75
96                android:value="androidx.startup" />
96-->[androidx.emoji2:emoji2:1.3.0] AndroidManifest.xml:31:17-49
97            <meta-data
97-->[androidx.lifecycle:lifecycle-process:2.6.2] AndroidManifest.xml:29:13-31:52
98                android:name="androidx.lifecycle.ProcessLifecycleInitializer"
98-->[androidx.lifecycle:lifecycle-process:2.6.2] AndroidManifest.xml:30:17-78
99                android:value="androidx.startup" />
99-->[androidx.lifecycle:lifecycle-process:2.6.2] AndroidManifest.xml:31:17-49
100            <meta-data
100-->[androidx.profileinstaller:profileinstaller:1.4.0] AndroidManifest.xml:29:13-31:52
101                android:name="androidx.profileinstaller.ProfileInstallerInitializer"
101-->[androidx.profileinstaller:profileinstaller:1.4.0] AndroidManifest.xml:30:17-85
102                android:value="androidx.startup" />
102-->[androidx.profileinstaller:profileinstaller:1.4.0] AndroidManifest.xml:31:17-49
103        </provider>
104
105        <receiver
105-->[androidx.profileinstaller:profileinstaller:1.4.0] AndroidManifest.xml:34:9-52:20
106            android:name="androidx.profileinstaller.ProfileInstallReceiver"
106-->[androidx.profileinstaller:profileinstaller:1.4.0] AndroidManifest.xml:35:13-76
107            android:directBootAware="false"
107-->[androidx.profileinstaller:profileinstaller:1.4.0] AndroidManifest.xml:36:13-44
108            android:enabled="true"
108-->[androidx.profileinstaller:profileinstaller:1.4.0] AndroidManifest.xml:37:13-35
109            android:exported="true"
109-->[androidx.profileinstaller:profileinstaller:1.4.0] AndroidManifest.xml:38:13-36
110            android:permission="android.permission.DUMP" >
110-->[androidx.profileinstaller:profileinstaller:1.4.0] AndroidManifest.xml:39:13-57
111            <intent-filter>
111-->[androidx.profileinstaller:profileinstaller:1.4.0] AndroidManifest.xml:40:13-42:29
112                <action android:name="androidx.profileinstaller.action.INSTALL_PROFILE" />
112-->[androidx.profileinstaller:profileinstaller:1.4.0] AndroidManifest.xml:41:17-91
112-->[androidx.profileinstaller:profileinstaller:1.4.0] AndroidManifest.xml:41:25-88
113            </intent-filter>
114            <intent-filter>
114-->[androidx.profileinstaller:profileinstaller:1.4.0] AndroidManifest.xml:43:13-45:29
115                <action android:name="androidx.profileinstaller.action.SKIP_FILE" />
115-->[androidx.profileinstaller:profileinstaller:1.4.0] AndroidManifest.xml:44:17-85
115-->[androidx.profileinstaller:profileinstaller:1.4.0] AndroidManifest.xml:44:25-82
116            </intent-filter>
117            <intent-filter>
117-->[androidx.profileinstaller:profileinstaller:1.4.0] AndroidManifest.xml:46:13-48:29
118                <action android:name="androidx.profileinstaller.action.SAVE_PROFILE" />
118-->[androidx.profileinstaller:profileinstaller:1.4.0] AndroidManifest.xml:47:17-88
118-->[androidx.profileinstaller:profileinstaller:1.4.0] AndroidManifest.xml:47:25-85
119            </intent-filter>
120            <intent-filter>
120-->[androidx.profileinstaller:profileinstaller:1.4.0] AndroidManifest.xml:49:13-51:29
121                <action android:name="androidx.profileinstaller.action.BENCHMARK_OPERATION" />
121-->[androidx.profileinstaller:profileinstaller:1.4.0] AndroidManifest.xml:50:17-95
121-->[androidx.profileinstaller:profileinstaller:1.4.0] AndroidManifest.xml:50:25-92
122            </intent-filter>
123        </receiver>
124    </application>
125
126</manifest>